TN:
SF:src/domain/category.entity.ts
FN:29,create
FN:33,update
FN:40,changeName
FN:44,changeDescription
FN:48,activate
FN:52,deactivate
FN:56,toJSON
FN:21,Category
FNF:8
FNH:7
FNDA:6,create
FNDA:1,update
FNDA:1,changeName
FNDA:1,changeDescription
FNDA:1,activate
FNDA:1,deactivate
FNDA:0,toJSON
FNDA:10,Category
DA:1,1
DA:2,1
DA:3,1
DA:4,1
DA:5,1
DA:6,1
DA:7,1
DA:8,1
DA:9,1
DA:10,1
DA:11,1
DA:12,1
DA:13,1
DA:14,1
DA:15,1
DA:16,1
DA:17,1
DA:18,1
DA:19,1
DA:20,1
DA:21,1
DA:22,10
DA:23,10
DA:24,10
DA:25,10
DA:26,10
DA:27,10
DA:28,1
DA:29,1
DA:30,6
DA:31,6
DA:32,1
DA:33,1
DA:34,1
DA:35,1
DA:36,1
DA:37,1
DA:38,1
DA:39,1
DA:40,1
DA:41,1
DA:42,1
DA:43,1
DA:44,1
DA:45,1
DA:46,1
DA:47,1
DA:48,1
DA:49,1
DA:50,1
DA:51,1
DA:52,1
DA:53,1
DA:54,1
DA:55,1
DA:56,1
DA:57,0
DA:58,0
DA:59,0
DA:60,0
DA:61,0
DA:62,0
DA:63,0
DA:64,0
DA:65,1
LF:65
LH:57
BRDA:29,0,0,6
BRDA:33,1,0,1
BRDA:40,2,0,1
BRDA:44,3,0,1
BRDA:48,4,0,1
BRDA:52,5,0,1
BRDA:21,6,0,10
BRDA:24,7,0,9
BRDA:24,8,0,1
BRDA:25,9,0,8
BRDA:25,10,0,2
BRDA:26,11,0,2
BRDA:26,12,0,8
BRF:13
BRH:13
end_of_record
