TN:
SF:src/shared/domain/value-object.ts
FN:4,equals
FNF:1
FNH:0
FNDA:0,equals
DA:1,1
DA:2,1
DA:3,1
DA:4,1
DA:5,0
DA:6,0
DA:7,0
DA:8,0
DA:9,0
DA:10,0
DA:11,0
DA:12,0
DA:13,0
DA:14,0
DA:15,1
LF:15
LH:5
BRF:0
BRH:0
end_of_record
TN:
SF:src/shared/value-objects/uuid.vo.ts
FN:4,<instance_members_initializer>
FN:7,Uuid
FN:13,validate
FN:24,InvalidUUidError
FNF:4
FNH:3
FNDA:1,<instance_members_initializer>
FNDA:1,Uuid
FNDA:1,validate
FNDA:0,InvalidUUidError
DA:1,1
DA:2,1
DA:3,1
DA:4,1
DA:5,1
DA:6,1
DA:7,1
DA:8,1
DA:9,1
DA:10,1
DA:11,1
DA:12,1
DA:13,1
DA:14,1
DA:15,1
DA:16,1
DA:17,0
DA:18,0
DA:19,1
DA:20,1
DA:21,1
DA:22,1
DA:23,1
DA:24,1
DA:25,0
DA:26,0
DA:27,0
DA:28,1
LF:28
LH:23
BRDA:4,0,0,1
BRDA:7,1,0,1
BRDA:9,2,0,0
BRDA:13,3,0,1
BRDA:16,4,0,0
BRF:5
BRH:3
end_of_record
